<?xml version="1.0" encoding="UTF-8"?>
<!-- Generated by org.testng.reporters.JUnitReportReporter -->
<testsuite skipped="0" hostname="Manzoors-MacBook-Pro.local" name="title.PNT_LoginPage" tests="1" failures="0" timestamp="13 Mar 2019 02:29:17 GMT" time="1.756" errors="0">
  <testcase name="loginPageTitle" time="1.756" classname="title.PNT_LoginPage"/>
</testsuite> <!-- title.PNT_LoginPage -->
