<?xml version="1.0" encoding="UTF-8"?>
<!-- Generated by org.testng.reporters.JUnitReportReporter -->
<testsuite skipped="0" hostname="Manzoors-MacBook-Pro.local" name="testcases.TC1_LoginPageTitle" tests="1" failures="0" timestamp="13 Mar 2019 06:32:57 GMT" time="2.000" errors="0">
  <testcase name="loginPageTitle" time="2.000" classname="testcases.TC1_LoginPageTitle"/>
</testsuite> <!-- testcases.TC1_LoginPageTitle -->
